root@lvm /]# vgcreate vg_root /dev/sdb
  Volume group "vg_root" successfully created
[root@lvm /]# lvcreate -l +100%FREE -n lv_root /dev/vg_root 
WARNING: ext4 signature detected on /dev/vg_root/lv_root at offset 1080. Wipe it? [y/n]: y
  Wiping ext4 signature on /dev/vg_root/lv_root.
  Logical volume "lv_root" created.
[root@lvm /]# mkfs.xfs /dev/vg_root/lv_root 
meta-data=/dev/vg_root/lv_root   isize=512    agcount=4, agsize=655104 blks
         =                       sectsz=512   attr=2, projid32bit=1
         =                       crc=1        finobt=0, sparse=0
data     =                       bsize=4096   blocks=2620416, imaxpct=25
         =                       sunit=0      swidth=0 blks
naming   =version 2              bsize=4096   ascii-ci=0 ftype=1
log      =internal log           bsize=4096   blocks=2560, version=2
         =                       sectsz=512   sunit=0 blks, lazy-count=1
realtime =none                   extsz=4096   blocks=0, rtextents=0
[root@lvm /]# mount /dev/vg_root/lv_root /mnt
[root@lvm /]# df -h
Filesystem                       Size  Used Avail Use% Mounted on
/dev/mapper/VolGroup00-LogVol00   38G  878M   37G   3% /
devtmpfs                         109M     0  109M   0% /dev
tmpfs                            118M     0  118M   0% /dev/shm
tmpfs                            118M  4.6M  114M   4% /run
tmpfs                            118M     0  118M   0% /sys/fs/cgroup
/dev/sda2                       1014M   63M  952M   7% /boot
tmpfs                             24M     0   24M   0% /run/user/1000
/dev/mapper/vg_root-lv_root       10G   33M   10G   1% /mnt
[root@lvm /]# xfsdump -J - /dev/VolGroup00/LogVol00 | xfsrestore -J - /mnt
xfsdump: using file dump (drive_simple) strategy
xfsdump: version 3.1.7 (dump format 3.0)
xfsdump: level 0 dump of lvm:/
xfsdump: dump date: Fri Nov 24 12:35:35 2023
xfsdump: session id: 766c1ff9-4143-4255-92ab-3dbcca7a9a35
xfsdump: session label: ""
xfsdump: ino map phase 1: constructing initial dump list
xfsrestore: using file dump (drive_simple) strategy
xfsrestore: version 3.1.7 (dump format 3.0)
xfsrestore: searching media for dump
xfsdump: ino map phase 2: skipping (no pruning necessary)
xfsdump: ino map phase 3: skipping (only one dump stream)
xfsdump: ino map construction complete
xfsdump: estimated dump size: 881341248 bytes
xfsdump: creating dump session media file 0 (media 0, file 0)
xfsdump: dumping ino map
xfsdump: dumping directories
xfsrestore: examining media file 0
xfsrestore: dump description: 
xfsrestore: hostname: lvm
xfsrestore: mount point: /
xfsrestore: volume: /dev/mapper/VolGroup00-LogVol00
xfsrestore: session time: Fri Nov 24 12:35:35 2023
xfsrestore: level: 0
xfsrestore: session label: ""
xfsrestore: media label: ""
xfsrestore: file system id: b60e9498-0baa-4d9f-90aa-069048217fee
xfsrestore: session id: 766c1ff9-4143-4255-92ab-3dbcca7a9a35
xfsrestore: media id: 8e0d0492-3be7-4d0a-9d68-9cc48ccca15f
xfsrestore: searching media for directory dump
xfsrestore: reading directories
xfsdump: dumping non-directory files
xfsrestore: 2721 directories and 23657 entries processed
xfsrestore: directory post-processing
xfsrestore: restoring non-directory files
xfsdump: ending media file
xfsdump: media file size 858380904 bytes
xfsdump: dump size (non-dir files) : 845184640 bytes
xfsdump: dump complete: 27 seconds elapsed
xfsdump: Dump Status: SUCCESS
xfsrestore: restore complete: 26 seconds elapsed
xfsrestore: Restore Status: SUCCESS
[root@lvm /]# for i in /proc/ /sys/ /dev/ /run/ /boot/; do mount --bind $i /mnt/$i; done
[root@lvm /]# chroot /mnt/
[root@lvm /]# df -h
Filesystem                   Size  Used Avail Use% Mounted on
/dev/mapper/vg_root-lv_root   10G  878M  9.2G   9% /
devtmpfs                     109M     0  109M   0% /dev
tmpfs                        118M  4.6M  114M   4% /run
/dev/sda2                   1014M   63M  952M   7% /boot
[root@lvm /]# grub2-mkconfig -o /boot/grub2/grub.cfg
Generating grub configuration file ...
Found linux image: /boot/vmlinuz-3.10.0-862.2.3.el7.x86_64
Found initrd image: /boot/initramfs-3.10.0-862.2.3.el7.x86_64.img
done
[root@lvm /]# cd /boot ; for i in `ls initramfs-*img`; do dracut -v $i `echo $i|sed "s/initramfs-//g;
> s/.img//g"` --force; done
Executing: /sbin/dracut -v initramfs-3.10.0-862.2.3.el7.x86_64.img 3.10.0-862.2.3.el7.x86_64 --force
dracut module 'busybox' will not be installed, because command 'busybox' could not be found!
dracut module 'crypt' will not be installed, because command 'cryptsetup' could not be found!
dracut module 'dmraid' will not be installed, because command 'dmraid' could not be found!
dracut module 'dmsquash-live-ntfs' will not be installed, because command 'ntfs-3g' could not be found!
dracut module 'multipath' will not be installed, because command 'multipath' could not be found!
dracut module 'busybox' will not be installed, because command 'busybox' could not be found!
dracut module 'crypt' will not be installed, because command 'cryptsetup' could not be found!
dracut module 'dmraid' will not be installed, because command 'dmraid' could not be found!
dracut module 'dmsquash-live-ntfs' will not be installed, because command 'ntfs-3g' could not be found!
dracut module 'multipath' will not be installed, because command 'multipath' could not be found!
*** Including module: bash ***
*** Including module: nss-softokn ***
*** Including module: i18n ***
*** Including module: drm ***
*** Including module: plymouth ***
*** Including module: dm ***
Skipping udev rule: 64-device-mapper.rules
Skipping udev rule: 60-persistent-storage-dm.rules
Skipping udev rule: 55-dm.rules
*** Including module: kernel-modules ***
Omitting driver floppy
*** Including module: lvm ***
Skipping udev rule: 64-device-mapper.rules
Skipping udev rule: 56-lvm.rules
Skipping udev rule: 60-persistent-storage-lvm.rules
*** Including module: qemu ***
*** Including module: resume ***
*** Including module: rootfs-block ***
*** Including module: terminfo ***
*** Including module: udev-rules ***
Skipping udev rule: 40-redhat-cpu-hotplug.rules
Skipping udev rule: 91-permissions.rules
*** Including module: biosdevname ***
*** Including module: systemd ***
*** Including module: usrmount ***
*** Including module: base ***
*** Including module: fs-lib ***
*** Including module: shutdown ***
*** Including modules done ***
*** Installing kernel module dependencies and firmware ***
*** Installing kernel module dependencies and firmware done ***
*** Resolving executable dependencies ***
*** Resolving executable dependencies done***
*** Hardlinking files ***
*** Hardlinking files done ***
*** Stripping files ***
*** Stripping files done ***
*** Generating early-microcode cpio image contents ***
*** No early-microcode cpio image needed ***
*** Store current command line parameters ***
*** Creating image file ***
*** Creating image file done ***
*** Creating initramfs image file '/boot/initramfs-3.10.0-862.2.3.el7.x86_64.img' done ***
[root@lvm /]# cat /boot/grub2/grub.cfg | grep rd.lvm.lv=VolGroup00/LogVol00
    linux16 /vmlinuz-3.10.0-862.2.3.el7.x86_64 root=/dev/mapper/vg_root-lv_root ro no_timer_check console=tty0 console=ttyS0,115200n8 net.ifnames=0 biosdevname=0 elevator=noop crashkernel=auto rd.lvm.lv=VolGroup00/LogVol00 rd.lvm.lv=VolGroup00/LogVol01 rhgb quiet
[root@lvm /]# vi /boot/grub2/grub.cfg
[root@lvm ~]# lsblk
NAME                    MAJ:MIN RM  SIZE RO TYPE MOUNTPOINT
sda                       8:0    0   40G  0 disk 
├─sda1                    8:1    0    1M  0 part 
├─sda2                    8:2    0    1G  0 part /boot
└─sda3                    8:3    0   39G  0 part 
  ├─VolGroup00-LogVol01 253:1    0  1.5G  0 lvm  [SWAP]
  └─VolGroup00-LogVol00 253:2    0 37.5G  0 lvm  
sdb                       8:16   0   10G  0 disk 
└─vg_root-lv_root       253:0    0   10G  0 lvm  /
sdc                       8:32   0    2G  0 disk 
sdd                       8:48   0    1G  0 disk 
sde                       8:64   0    1G  0 disk 
[root@lvm ~]# lvremove VolGroup00/LogVol00
Do you really want to remove active logical volume VolGroup00/LogVol00? [y/n]: y
  Logical volume "LogVol00" successfully removed
[root@lvm ~]# lvs
  LV       VG         Attr       LSize   Pool Origin Data%  Meta%  Move Log Cpy%Sync Convert
  LogVol01 VolGroup00 -wi-ao----   1.50g                                                    
  lv_root  vg_root    -wi-ao---- <10.00g                                                    
[root@lvm ~]# lvcreate -L 8G -n LogVol00 /dev/VolGroup00
WARNING: xfs signature detected on /dev/VolGroup00/LogVol00 at offset 0. Wipe it? [y/n]: y
  Wiping xfs signature on /dev/VolGroup00/LogVol00.
  Logical volume "LogVol00" created.
[root@lvm ~]# lvs
  LV       VG         Attr       LSize   Pool Origin Data%  Meta%  Move Log Cpy%Sync Convert
  LogVol00 VolGroup00 -wi-a-----   8.00g                                                    
  LogVol01 VolGroup00 -wi-ao----   1.50g                                                    
  lv_root  vg_root    -wi-ao---- <10.00g                                                    
[root@lvm ~]# mkfs.xfs /dev/VolGroup00/LogVol00
meta-data=/dev/VolGroup00/LogVol00 isize=512    agcount=4, agsize=524288 blks
         =                       sectsz=512   attr=2, projid32bit=1
         =                       crc=1        finobt=0, sparse=0
data     =                       bsize=4096   blocks=2097152, imaxpct=25
         =                       sunit=0      swidth=0 blks
naming   =version 2              bsize=4096   ascii-ci=0 ftype=1
log      =internal log           bsize=4096   blocks=2560, version=2
         =                       sectsz=512   sunit=0 blks, lazy-count=1
realtime =none                   extsz=4096   blocks=0, rtextents=0
[root@lvm ~]# mount /dev/VolGroup00/LogVol00 /mnt
[root@lvm ~]# xfsdump -J - /dev/vg_root/lv_root | xfsrestore -J - /mnt
xfsdump: using file dump (drive_simple) strategy
xfsdump: version 3.1.7 (dump format 3.0)
xfsdump: level 0 dump of lvm:/
xfsdump: dump date: Fri Nov 24 13:07:27 2023
xfsdump: session id: c2a13756-8f4d-45eb-903e-356821f73777
xfsdump: session label: ""
xfsrestore: using file dump (drive_simple) strategy
xfsrestore: version 3.1.7 (dump format 3.0)
xfsrestore: searching media for dump
xfsdump: ino map phase 1: constructing initial dump list
xfsdump: ino map phase 2: skipping (no pruning necessary)
xfsdump: ino map phase 3: skipping (only one dump stream)
xfsdump: ino map construction complete
xfsdump: estimated dump size: 879970688 bytes
xfsdump: creating dump session media file 0 (media 0, file 0)
xfsdump: dumping ino map
xfsdump: dumping directories
xfsrestore: examining media file 0
xfsrestore: dump description: 
xfsrestore: hostname: lvm
xfsrestore: mount point: /
xfsrestore: volume: /dev/mapper/vg_root-lv_root
xfsrestore: session time: Fri Nov 24 13:07:27 2023
xfsrestore: level: 0
xfsrestore: session label: ""
xfsrestore: media label: ""
xfsrestore: file system id: 3e5c87de-945d-4bd5-b38f-852b1ade66a8
xfsrestore: session id: c2a13756-8f4d-45eb-903e-356821f73777
xfsrestore: media id: b7818fe9-c7a2-419d-a2d6-b9a43ebdc144
xfsrestore: searching media for directory dump
xfsrestore: reading directories
xfsdump: dumping non-directory files
xfsrestore: 2725 directories and 23662 entries processed
xfsrestore: directory post-processing
xfsrestore: restoring non-directory files
xfsdump: ending media file
xfsdump: media file size 857040488 bytes
xfsdump: dump size (non-dir files) : 843840496 bytes
xfsdump: dump complete: 27 seconds elapsed
xfsdump: Dump Status: SUCCESS
xfsrestore: restore complete: 27 seconds elapsed
xfsrestore: Restore Status: SUCCESS
[root@lvm ~]# for i in /proc/ /sys/ /dev/ /run/ /boot/; do mount --bind $i /mnt/$i; done
[root@lvm ~]# chroot /mnt/
[root@lvm /]# grub2-mkconfig -o /boot/grub2/grub.cfg
Generating grub configuration file ...
Found linux image: /boot/vmlinuz-3.10.0-862.2.3.el7.x86_64
Found initrd image: /boot/initramfs-3.10.0-862.2.3.el7.x86_64.img
done
[root@lvm /]# cd /boot ; for i in `ls initramfs-*img`; do dracut -v $i `echo $i|sed "s/initramfs-//g;
> s/.img//g"` --force; done
Executing: /sbin/dracut -v initramfs-3.10.0-862.2.3.el7.x86_64.img 3.10.0-862.2.3.el7.x86_64 --force
dracut module 'busybox' will not be installed, because command 'busybox' could not be found!
dracut module 'crypt' will not be installed, because command 'cryptsetup' could not be found!
dracut module 'dmraid' will not be installed, because command 'dmraid' could not be found!
dracut module 'dmsquash-live-ntfs' will not be installed, because command 'ntfs-3g' could not be found!
dracut module 'multipath' will not be installed, because command 'multipath' could not be found!
dracut module 'busybox' will not be installed, because command 'busybox' could not be found!
dracut module 'crypt' will not be installed, because command 'cryptsetup' could not be found!
dracut module 'dmraid' will not be installed, because command 'dmraid' could not be found!
dracut module 'dmsquash-live-ntfs' will not be installed, because command 'ntfs-3g' could not be found!
dracut module 'multipath' will not be installed, because command 'multipath' could not be found!
*** Including module: bash ***
*** Including module: nss-softokn ***
*** Including module: i18n ***
*** Including module: drm ***
*** Including module: plymouth ***
*** Including module: dm ***
Skipping udev rule: 64-device-mapper.rules
Skipping udev rule: 60-persistent-storage-dm.rules
Skipping udev rule: 55-dm.rules
*** Including module: kernel-modules ***
Omitting driver floppy
*** Including module: lvm ***
Skipping udev rule: 64-device-mapper.rules
Skipping udev rule: 56-lvm.rules
Skipping udev rule: 60-persistent-storage-lvm.rules
*** Including module: qemu ***
*** Including module: resume ***
*** Including module: rootfs-block ***
*** Including module: terminfo ***
*** Including module: udev-rules ***
Skipping udev rule: 40-redhat-cpu-hotplug.rules
Skipping udev rule: 91-permissions.rules
*** Including module: biosdevname ***
*** Including module: systemd ***
*** Including module: usrmount ***
*** Including module: base ***
*** Including module: fs-lib ***
*** Including module: shutdown ***
*** Including modules done ***
*** Installing kernel module dependencies and firmware ***
*** Installing kernel module dependencies and firmware done ***
*** Resolving executable dependencies ***
*** Resolving executable dependencies done***
*** Hardlinking files ***
*** Hardlinking files done ***
*** Stripping files ***
*** Stripping files done ***
*** Generating early-microcode cpio image contents ***
*** No early-microcode cpio image needed ***
*** Store current command line parameters ***
*** Creating image file ***
*** Creating image file done ***
*** Creating initramfs image file '/boot/initramfs-3.10.0-862.2.3.el7.x86_64.img' done ***
[root@lvm boot]# vgcreate vg_var /dev/sd{c,d}
  Volume group "vg_var" successfully created
[root@lvm boot]# vgs
  VG         #PV #LV #SN Attr   VSize   VFree  
  VolGroup00   1   2   0 wz--n- <38.97g <29.47g
  vg_root      1   1   0 wz--n- <10.00g      0 
  vg_var       2   0   0 wz--n-   2.99g   2.99g
[root@lvm boot]# lvcreate -L 950M -m1 -n lv_var /dev/vg_var
  Rounding up size to full physical extent 952.00 MiB
  Logical volume "lv_var" created.
[root@lvm boot]# mkfs.ext4 /dev/vg_var/lv_var
mke2fs 1.42.9 (28-Dec-2013)
Filesystem label=
OS type: Linux
Block size=4096 (log=2)
Fragment size=4096 (log=2)
Stride=0 blocks, Stripe width=0 blocks
60928 inodes, 243712 blocks
12185 blocks (5.00%) reserved for the super user
First data block=0
Maximum filesystem blocks=249561088
8 block groups
32768 blocks per group, 32768 fragments per group
7616 inodes per group
Superblock backups stored on blocks: 
    32768, 98304, 163840, 229376

Allocating group tables: done                            
Writing inode tables: done                            
Creating journal (4096 blocks): done
Writing superblocks and filesystem accounting information: done
mount /dev/vg_var/lv_var /mnt
mount: /dev/mapper/vg_var-lv_var is already mounted or /mnt busy
       /dev/mapper/vg_var-lv_var is already mounted on /mnt
[root@lvm ~]# df -h
Filesystem                   Size  Used Avail Use% Mounted on
/dev/mapper/vg_root-lv_root   10G  877M  9.2G   9% /
devtmpfs                     110M     0  110M   0% /dev
tmpfs                        118M     0  118M   0% /dev/shm
tmpfs                        118M  4.6M  114M   4% /run
tmpfs                        118M     0  118M   0% /sys/fs/cgroup
/dev/sda2                   1014M   61M  954M   7% /boot
tmpfs                         24M     0   24M   0% /run/user/1000
/dev/mapper/vg_var-lv_var    922M  2.4M  856M   1% /mnt
[root@lvm ~]# cp -aR /var/* /mnt/
[root@lvm ~]# df -h
Filesystem                   Size  Used Avail Use% Mounted on
/dev/mapper/vg_root-lv_root   10G  877M  9.2G   9% /
devtmpfs                     110M     0  110M   0% /dev
tmpfs                        118M     0  118M   0% /dev/shm
tmpfs                        118M  4.6M  114M   4% /run
tmpfs                        118M     0  118M   0% /sys/fs/cgroup
/dev/sda2                   1014M   61M  954M   7% /boot
tmpfs                         24M     0   24M   0% /run/user/1000
/dev/mapper/vg_var-lv_var    922M  252M  607M  30% /mnt
[root@lvm ~]# mkdir /tmp/oldvar && mv /var/* /tmp/oldvar
mv: cannot move ‘/var/tmp’ to ‘/tmp/oldvar/tmp’: Device or resource busy
[root@lvm ~]# ll /tmp/oldvar/
total 8
drwxr-xr-x.  2 root root    6 Apr 11  2018 adm
drwxr-xr-x.  5 root root   44 May 12  2018 cache
drwxr-xr-x.  3 root root   34 May 12  2018 db
drwxr-xr-x.  3 root root   18 May 12  2018 empty
drwxr-xr-x.  2 root root    6 Apr 11  2018 games
drwxr-xr-x.  2 root root    6 Apr 11  2018 gopher
drwxr-xr-x.  3 root root   18 May 12  2018 kerberos
drwxr-xr-x. 29 root root 4096 Nov 24 13:07 lib
drwxr-xr-x.  2 root root    6 Apr 11  2018 local
lrwxrwxrwx.  1 root root   11 Nov 24 12:35 lock -> ../run/lock
drwxr-xr-x.  8 root root 4096 Nov 24 12:52 log
lrwxrwxrwx.  1 root root   10 Nov 24 12:35 mail -> spool/mail
drwxr-xr-x.  2 root root    6 Apr 11  2018 nis
drwxr-xr-x.  2 root root    6 Apr 11  2018 opt
drwxr-xr-x.  2 root root    6 Apr 11  2018 preserve
lrwxrwxrwx.  1 root root    6 Nov 24 12:35 run -> ../run
drwxr-xr-x.  8 root root   87 May 12  2018 spool
drwxr-xr-x.  2 root root    6 Apr 11  2018 yp
[root@lvm ~]# umount /mnt
[root@lvm ~]# mount /dev/vg
vga_arbiter  vg_root/     vg_var/      
[root@lvm ~]# mount /dev/vg_var/lv_var /var
[root@lvm ~]# echo "`blkid | grep var: | awk '{print $2}'` /var ext4 defaults 0 0" >> /etc/fstab
[root@lvm ~]# cat /etc/fstab 

#
# /etc/fstab
# Created by anaconda on Sat May 12 18:50:26 2018
#
# Accessible filesystems, by reference, are maintained under '/dev/disk'
# See man pages fstab(5), findfs(8), mount(8) and/or blkid(8) for more info
#
/dev/mapper/VolGroup00-LogVol00 /                       xfs     defaults        0 0
UUID=570897ca-e759-4c81-90cf-389da6eee4cc /boot                   xfs     defaults        0 0
/dev/mapper/VolGroup00-LogVol01 swap                    swap    defaults        0 0
#VAGRANT-BEGIN
# The contents below are automatically generated by Vagrant. Do not modify.
#VAGRANT-END
UUID="c4a2e073-b65a-49f2-afcd-5b43f1897c12" /var ext4 defaults 0 0
[root@lvm ~]# blkid | grep var
/dev/mapper/vg_var-lv_var_rimage_0: UUID="c4a2e073-b65a-49f2-afcd-5b43f1897c12" TYPE="ext4" 
/dev/mapper/vg_var-lv_var_rimage_1: UUID="c4a2e073-b65a-49f2-afcd-5b43f1897c12" TYPE="ext4" 
/dev/mapper/vg_var-lv_var: UUID="c4a2e073-b65a-49f2-afcd-5b43f1897c12" TYPE="ext4"
[root@lvm ~]# reboot
[root@lvm ~]# df -h
Filesystem                       Size  Used Avail Use% Mounted on
/dev/mapper/VolGroup00-LogVol00  8.0G  878M  7.2G  11% /
devtmpfs                         110M     0  110M   0% /dev
tmpfs                            118M     0  118M   0% /dev/shm
tmpfs                            118M  4.6M  114M   4% /run
tmpfs                            118M     0  118M   0% /sys/fs/cgroup
/dev/sde2                       1014M   61M  954M   7% /boot
tmpfs                             24M     0   24M   0% /run/user/1000
[root@lvm ~]# lvs
  LV       VG         Attr       LSize   Pool Origin Data%  Meta%  Move Log Cpy%Sync Convert
  LogVol00 VolGroup00 -wi-ao----   8.00g                                                    
  LogVol01 VolGroup00 -wi-ao----   1.50g                                                    
  lv_root  vg_root    -wi-a----- <10.00g                                                    
  lv_var   vg_var     rwi-a-r--- 952.00m                                    100.00          
[root@lvm ~]# lvremove /dev/vg_root/lv_root
Do you really want to remove active logical volume vg_root/lv_root? [y/n]: y
  Logical volume "lv_root" successfully removed
[root@lvm ~]# vgremove vg_root
  Volume group "vg_root" successfully removed
[root@lvm ~]# pvs
  PV         VG         Fmt  Attr PSize    PFree  
  /dev/sda              lvm2 ---    10.00g  10.00g
  /dev/sdb   vg_var     lvm2 a--    <2.00g   1.06g
  /dev/sdc   vg_var     lvm2 a--  1020.00m  64.00m
  /dev/sdd              lvm2 ---     1.00g   1.00g
  /dev/sde3  VolGroup00 lvm2 a--   <38.97g <29.47g
[root@lvm ~]# vgs
  VG         #PV #LV #SN Attr   VSize   VFree  
  VolGroup00   1   2   0 wz--n- <38.97g <29.47g
  vg_var       2   1   0 wz--n-   2.99g   1.12g
[root@lvm ~]# lvcreate -n LogVol_Home -L 2G /dev/VolGroup00
  Logical volume "LogVol_Home" created.
[root@lvm ~]# mkfs.xfs /dev/VolGroup00/LogVol_Home
meta-data=/dev/VolGroup00/LogVol_Home isize=512    agcount=4, agsize=131072 blks
         =                       sectsz=512   attr=2, projid32bit=1
         =                       crc=1        finobt=0, sparse=0
data     =                       bsize=4096   blocks=524288, imaxpct=25
         =                       sunit=0      swidth=0 blks
naming   =version 2              bsize=4096   ascii-ci=0 ftype=1
log      =internal log           bsize=4096   blocks=2560, version=2
         =                       sectsz=512   sunit=0 blks, lazy-count=1
realtime =none                   extsz=4096   blocks=0, rtextents=0
[root@lvm ~]# mount /dev/VolGroup00/LogVol_Home /mnt/
[root@lvm ~]# cp -aR /home/* /mnt/
[root@lvm ~]# ll /mnt
total 0
drwx------. 3 vagrant vagrant 74 May 12  2018 vagrant
[root@lvm ~]# rm -rf /home/*
[root@lvm ~]# umount /mnt
[root@lvm ~]# mount /dev/VolGroup00/LogVol_Home /home/
[root@lvm ~]# echo "`blkid | grep Home | awk '{print $2}'` /home xfs defaults 0 0" >> /etc/fstab
[root@lvm ~]# cat /etc/fstab 

#
# /etc/fstab
# Created by anaconda on Sat May 12 18:50:26 2018
#
# Accessible filesystems, by reference, are maintained under '/dev/disk'
# See man pages fstab(5), findfs(8), mount(8) and/or blkid(8) for more info
#
/dev/mapper/VolGroup00-LogVol00 /                       xfs     defaults        0 0
UUID=570897ca-e759-4c81-90cf-389da6eee4cc /boot                   xfs     defaults        0 0
/dev/mapper/VolGroup00-LogVol01 swap                    swap    defaults        0 0
#VAGRANT-BEGIN
# The contents below are automatically generated by Vagrant. Do not modify.
#VAGRANT-END
UUID="1e049a6f-5fab-4c24-a2c1-5ce03682e607" /home xfs defaults 0 0
[root@lvm ~]# blkid | grep Home
/dev/mapper/VolGroup00-LogVol_Home: UUID="1e049a6f-5fab-4c24-a2c1-5ce03682e607" TYPE="xfs" 
[root@lvm ~]# touch /home/file{1..20}
[root@lvm ~]# ll /home
total 0
-rw-r--r--. 1 root    root     0 Nov 24 13:55 file1
-rw-r--r--. 1 root    root     0 Nov 24 13:55 file10
-rw-r--r--. 1 root    root     0 Nov 24 13:55 file11
-rw-r--r--. 1 root    root     0 Nov 24 13:55 file12
-rw-r--r--. 1 root    root     0 Nov 24 13:55 file13
-rw-r--r--. 1 root    root     0 Nov 24 13:55 file14
-rw-r--r--. 1 root    root     0 Nov 24 13:55 file15
-rw-r--r--. 1 root    root     0 Nov 24 13:55 file16
-rw-r--r--. 1 root    root     0 Nov 24 13:55 file17
-rw-r--r--. 1 root    root     0 Nov 24 13:55 file18
-rw-r--r--. 1 root    root     0 Nov 24 13:55 file19
-rw-r--r--. 1 root    root     0 Nov 24 13:55 file2
-rw-r--r--. 1 root    root     0 Nov 24 13:55 file20
-rw-r--r--. 1 root    root     0 Nov 24 13:55 file3
-rw-r--r--. 1 root    root     0 Nov 24 13:55 file4
-rw-r--r--. 1 root    root     0 Nov 24 13:55 file5
-rw-r--r--. 1 root    root     0 Nov 24 13:55 file6
-rw-r--r--. 1 root    root     0 Nov 24 13:55 file7
-rw-r--r--. 1 root    root     0 Nov 24 13:55 file8
-rw-r--r--. 1 root    root     0 Nov 24 13:55 file9
drwx------. 3 vagrant vagrant 74 May 12  2018 vagrant
[root@lvm ~]# lvcreate -L 100MB -s -n home_snap /dev/VolGroup00/LogVol_Home
  Rounding up size to full physical extent 128.00 MiB
  Logical volume "home_snap" created.
[root@lvm ~]# rm -f /home/file{11..20}
[root@lvm ~]# ll /home/
total 0
-rw-r--r--. 1 root    root     0 Nov 24 13:55 file1
-rw-r--r--. 1 root    root     0 Nov 24 13:55 file10
-rw-r--r--. 1 root    root     0 Nov 24 13:55 file2
-rw-r--r--. 1 root    root     0 Nov 24 13:55 file3
-rw-r--r--. 1 root    root     0 Nov 24 13:55 file4
-rw-r--r--. 1 root    root     0 Nov 24 13:55 file5
-rw-r--r--. 1 root    root     0 Nov 24 13:55 file6
-rw-r--r--. 1 root    root     0 Nov 24 13:55 file7
-rw-r--r--. 1 root    root     0 Nov 24 13:55 file8
-rw-r--r--. 1 root    root     0 Nov 24 13:55 file9
drwx------. 3 vagrant vagrant 74 May 12  2018 vagrant
[root@lvm ~]# umount /home
[root@lvm ~]# lvconvert --merge /dev/VolGroup00/home_snap
  Merging of volume VolGroup00/home_snap started.
  VolGroup00/LogVol_Home: Merged: 100.00%
[root@lvm ~]# mount /home
[root@lvm ~]# ll /home/
total 0
-rw-r--r--. 1 root    root     0 Nov 24 13:55 file1
-rw-r--r--. 1 root    root     0 Nov 24 13:55 file10
-rw-r--r--. 1 root    root     0 Nov 24 13:55 file11
-rw-r--r--. 1 root    root     0 Nov 24 13:55 file12
-rw-r--r--. 1 root    root     0 Nov 24 13:55 file13
-rw-r--r--. 1 root    root     0 Nov 24 13:55 file14
-rw-r--r--. 1 root    root     0 Nov 24 13:55 file15
-rw-r--r--. 1 root    root     0 Nov 24 13:55 file16
-rw-r--r--. 1 root    root     0 Nov 24 13:55 file17
-rw-r--r--. 1 root    root     0 Nov 24 13:55 file18
-rw-r--r--. 1 root    root     0 Nov 24 13:55 file19
-rw-r--r--. 1 root    root     0 Nov 24 13:55 file2
-rw-r--r--. 1 root    root     0 Nov 24 13:55 file20
-rw-r--r--. 1 root    root     0 Nov 24 13:55 file3
-rw-r--r--. 1 root    root     0 Nov 24 13:55 file4
-rw-r--r--. 1 root    root     0 Nov 24 13:55 file5
-rw-r--r--. 1 root    root     0 Nov 24 13:55 file6
-rw-r--r--. 1 root    root     0 Nov 24 13:55 file7
-rw-r--r--. 1 root    root     0 Nov 24 13:55 file8
-rw-r--r--. 1 root    root     0 Nov 24 13:55 file9
drwx------. 3 vagrant vagrant 74 May 12  2018 vagrant
[root@lvm ~]# exit