Script started on Fri 24 Nov 2023 01:33:14 PM UTC
[root@lvm ~]# df -h
Filesystem                       Size  Used Avail Use% Mounted on
/dev/mapper/VolGroup00-LogVol00  8.0G  878M  7.2G  11% /
devtmpfs                         110M     0  110M   0% /dev
tmpfs                            118M     0  118M   0% /dev/shm
tmpfs                            118M  4.6M  114M   4% /run
tmpfs                            118M     0  118M   0% /sys/fs/cgroup
/dev/sde2                       1014M   61M  954M   7% /boot
tmpfs                             24M     0   24M   0% /run/user/1000
[root@lvm ~]# lvs
  LV       VG         Attr       LSize   Pool Origin Data%  Meta%  Move Log Cpy%Sync Convert
  LogVol00 VolGroup00 -wi-ao----   8.00g                                                    
  LogVol01 VolGroup00 -wi-ao----   1.50g                                                    
  lv_root  vg_root    -wi-a----- <10.00g                                                    
  lv_var   vg_var     rwi-a-r--- 952.00m                                    100.00          
[root@lvm ~]# lvremove /dev/vg_root/lv_root
Do you really want to remove active logical volume vg_root/lv_root? [y/n]: y
  Logical volume "lv_root" successfully removed
[root@lvm ~]# vgremove vg_root
  Volume group "vg_root" successfully removed
[root@lvm ~]# pvs
  PV         VG         Fmt  Attr PSize    PFree  
  /dev/sda              lvm2 ---    10.00g  10.00g
  /dev/sdb   vg_var     lvm2 a--    <2.00g   1.06g
  /dev/sdc   vg_var     lvm2 a--  1020.00m  64.00m
  /dev/sdd              lvm2 ---     1.00g   1.00g
  /dev/sde3  VolGroup00 lvm2 a--   <38.97g <29.47g
[root@lvm ~]# vgs
  VG         #PV #LV #SN Attr   VSize   VFree  
  VolGroup00   1   2   0 wz--n- <38.97g <29.47g
  vg_var       2   1   0 wz--n-   2.99g   1.12g
[root@lvm ~]# exit
exit

Script done on Fri 24 Nov 2023 01:38:47 PM UTC
Script started on Fri 24 Nov 2023 01:50:08 PM UTC
[root@lvm ~]# lvcreate -n LogVol_Home -L 2G /dev/VolGroup00
  Logical volume "LogVol_Home" created.
[root@lvm ~]# mkfs.xfs /dev/VolGroup00/LogVol_Home
meta-data=/dev/VolGroup00/LogVol_Home isize=512    agcount=4, agsize=131072 blks
         =                       sectsz=512   attr=2, projid32bit=1
         =                       crc=1        finobt=0, sparse=0
data     =                       bsize=4096   blocks=524288, imaxpct=25
         =                       sunit=0      swidth=0 blks
naming   =version 2              bsize=4096   ascii-ci=0 ftype=1
log      =internal log           bsize=4096   blocks=2560, version=2
         =                       sectsz=512   sunit=0 blks, lazy-count=1
realtime =none                   extsz=4096   blocks=0, rtextents=0
[root@lvm ~]# mount /dev/VolGroup00/LogVol_Home /mnt/
[root@lvm ~]# cp -aR /home/* /mnt/
[root@lvm ~]# ll /mnt
total 0
drwx------. 3 vagrant vagrant 74 May 12  2018 vagrant
[root@lvm ~]# rm -rf /home/*
[root@lvm ~]# umount /mnt
[root@lvm ~]# mount /dev/VolGroup00/LogVol_Home /home/
[root@lvm ~]# echo "`blkid | grep Home | awk '{print $2}'` /home xfs defaults 0 0" >> /etc/fstab
[root@lvm ~]# cat /etc/fstab 

#
# /etc/fstab
# Created by anaconda on Sat May 12 18:50:26 2018
#
# Accessible filesystems, by reference, are maintained under '/dev/disk'
# See man pages fstab(5), findfs(8), mount(8) and/or blkid(8) for more info
#
/dev/mapper/VolGroup00-LogVol00 /                       xfs     defaults        0 0
UUID=570897ca-e759-4c81-90cf-389da6eee4cc /boot                   xfs     defaults        0 0
/dev/mapper/VolGroup00-LogVol01 swap                    swap    defaults        0 0
#VAGRANT-BEGIN
# The contents below are automatically generated by Vagrant. Do not modify.
#VAGRANT-END
UUID="1e049a6f-5fab-4c24-a2c1-5ce03682e607" /home xfs defaults 0 0
[root@lvm ~]# blkid | grep Home
/dev/mapper/VolGroup00-LogVol_Home: UUID="1e049a6f-5fab-4c24-a2c1-5ce03682e607" TYPE="xfs" 
[root@lvm ~]# touch /home/file{1..20}
[root@lvm ~]# ll /home
total 0
-rw-r--r--. 1 root    root     0 Nov 24 13:55 file1
-rw-r--r--. 1 root    root     0 Nov 24 13:55 file10
-rw-r--r--. 1 root    root     0 Nov 24 13:55 file11
-rw-r--r--. 1 root    root     0 Nov 24 13:55 file12
-rw-r--r--. 1 root    root     0 Nov 24 13:55 file13
-rw-r--r--. 1 root    root     0 Nov 24 13:55 file14
-rw-r--r--. 1 root    root     0 Nov 24 13:55 file15
-rw-r--r--. 1 root    root     0 Nov 24 13:55 file16
-rw-r--r--. 1 root    root     0 Nov 24 13:55 file17
-rw-r--r--. 1 root    root     0 Nov 24 13:55 file18
-rw-r--r--. 1 root    root     0 Nov 24 13:55 file19
-rw-r--r--. 1 root    root     0 Nov 24 13:55 file2
-rw-r--r--. 1 root    root     0 Nov 24 13:55 file20
-rw-r--r--. 1 root    root     0 Nov 24 13:55 file3
-rw-r--r--. 1 root    root     0 Nov 24 13:55 file4
-rw-r--r--. 1 root    root     0 Nov 24 13:55 file5
-rw-r--r--. 1 root    root     0 Nov 24 13:55 file6
-rw-r--r--. 1 root    root     0 Nov 24 13:55 file7
-rw-r--r--. 1 root    root     0 Nov 24 13:55 file8
-rw-r--r--. 1 root    root     0 Nov 24 13:55 file9
drwx------. 3 vagrant vagrant 74 May 12  2018 vagrant
[root@lvm ~]# lvcreate -L 100MB -s -n home_snap /dev/VolGroup00/LogVol_Home
  Rounding up size to full physical extent 128.00 MiB
  Logical volume "home_snap" created.
[root@lvm ~]# rm -f /home/file{11..20}
[root@lvm ~]# ll /home/
total 0
-rw-r--r--. 1 root    root     0 Nov 24 13:55 file1
-rw-r--r--. 1 root    root     0 Nov 24 13:55 file10
-rw-r--r--. 1 root    root     0 Nov 24 13:55 file2
-rw-r--r--. 1 root    root     0 Nov 24 13:55 file3
-rw-r--r--. 1 root    root     0 Nov 24 13:55 file4
-rw-r--r--. 1 root    root     0 Nov 24 13:55 file5
-rw-r--r--. 1 root    root     0 Nov 24 13:55 file6
-rw-r--r--. 1 root    root     0 Nov 24 13:55 file7
-rw-r--r--. 1 root    root     0 Nov 24 13:55 file8
-rw-r--r--. 1 root    root     0 Nov 24 13:55 file9
drwx------. 3 vagrant vagrant 74 May 12  2018 vagrant
[root@lvm ~]# umount /home
[root@lvm ~]# lvconvert --merge /dev/VolGroup00/home_snap
  Merging of volume VolGroup00/home_snap started.
  VolGroup00/LogVol_Home: Merged: 100.00%
[root@lvm ~]# mount /home
[root@lvm ~]# ll /home/
total 0
-rw-r--r--. 1 root    root     0 Nov 24 13:55 file1
-rw-r--r--. 1 root    root     0 Nov 24 13:55 file10
-rw-r--r--. 1 root    root     0 Nov 24 13:55 file11
-rw-r--r--. 1 root    root     0 Nov 24 13:55 file12
-rw-r--r--. 1 root    root     0 Nov 24 13:55 file13
-rw-r--r--. 1 root    root     0 Nov 24 13:55 file14
-rw-r--r--. 1 root    root     0 Nov 24 13:55 file15
-rw-r--r--. 1 root    root     0 Nov 24 13:55 file16
-rw-r--r--. 1 root    root     0 Nov 24 13:55 file17
-rw-r--r--. 1 root    root     0 Nov 24 13:55 file18
-rw-r--r--. 1 root    root     0 Nov 24 13:55 file19
-rw-r--r--. 1 root    root     0 Nov 24 13:55 file2
-rw-r--r--. 1 root    root     0 Nov 24 13:55 file20
-rw-r--r--. 1 root    root     0 Nov 24 13:55 file3
-rw-r--r--. 1 root    root     0 Nov 24 13:55 file4
-rw-r--r--. 1 root    root     0 Nov 24 13:55 file5
-rw-r--r--. 1 root    root     0 Nov 24 13:55 file6
-rw-r--r--. 1 root    root     0 Nov 24 13:55 file7
-rw-r--r--. 1 root    root     0 Nov 24 13:55 file8
-rw-r--r--. 1 root    root     0 Nov 24 13:55 file9
drwx------. 3 vagrant vagrant 74 May 12  2018 vagrant
[root@lvm ~]# exit
exit

Script done on Fri 24 Nov 2023 01:59:34 PM UTC